<?xml version="1.0" encoding="UTF-8"?>
<!-- Generated by org.testng.reporters.JUnitReportReporter -->
<testsuite skipped="0" hostname="Sekars-MBP.attlocal.net" name="com.tutorialsninja.Runner" tests="1" failures="0" timestamp="11 Oct 2020 04:19:38 GMT" time="30.964" errors="0">
  <testcase name="feature" time="30.964" classname="com.tutorialsninja.Runner"/>
</testsuite> <!-- com.tutorialsninja.Runner -->
